
  +--------------------------------------------------+
  |  KYC Verify  (HTTP - Render handles SSL)          |
  +--------------------------------------------------+
  |  Port     : 5000
  |  Saves    : C:\Users\MSI\Documents\id\production\web2\web\captures
  |  Telegram : NOT configured (set TELEGRAM_BOT_TOKEN + TELEGRAM_CHAT_ID)
  |  Ctrl+C to stop
  +--------------------------------------------------+

  [08:32:32] code 400, message Bad request version ('\x83ŻĽ’lŁw\x82Df§§į>\x9fET!ż,\x97ŕ_lńňū\x0eŅ')
  [08:32:32] code 400, message Bad request version ('\x00\x02\x01\x00ˇ\x01\x00\x01\x00\x00\x12\x00\x00\x00')
  [08:32:32] code 400, message Bad request version ('  \x13\x01\x13\x02\x13\x03ņ+ņ/ņ,ņ0Ő©Ő®ņ\x13ņ\x14\x00\x9c\x00\x9d\x00/\x005\x01\x00\x06•')
  [08:32:33] code 400, message Bad request version ('ż)ł\x84ĺ:łŠĻPÁ\x84Ļ~≥I\x00gP©)N“ý\x9c\x8fķĹ\x8b\x8fŽ\x80\x00')
  [08:32:34] code 400, message Bad request version ('h,R7\x9d\x98\x94\x19kz@\x9aF[CR\x88\x07ī\x91?žuż \\∑7c\x14“')
  [08:32:34] code 400, message Bad request syntax ('\x16\x03\x01\x06Ú\x01\x00\x06Ó\x03\x03Īxżř+\x88\x18£2n;x')
  [08:32:34] code 400, message Bad request version ('localhost\x00')
  [08:32:34] code 400, message Bad request version ('m\x8cWiŚc¨')
  [08:32:39] code 400, message Bad request version ('Iň\x19ŅĘ{\x9bĘd∂\x98ok«P\x83\x00')
  [08:32:40] code 400, message Bad request version ('\x9a\x9a\x13\x01\x13\x02\x13\x03ņ+ņ/ņ,ņ0Ő©Ő®ņ\x13ņ\x14\x00\x9c\x00\x9d\x00/\x005\x01\x00\x06eJJ\x00\x00\x00')
  [08:32:40] code 400, message Bad request version ('ž\x08\x16+Ō)ŘwĹ„§l\x01\x87M…\x16ÕVŌ‚\x95!')
  [08:32:40] code 400, message Bad request version ('\x04z\x17ßg\x01Gű')
